<?xml version="1.0" encoding="UTF-8"?><testsuite errors="17" failures="0" name="uk.gov.hmcts.reform.divorce.D8MiniPetitionTest" skipped="0" tests="17" time="0.4" timestamp="2018-04-12T17:34:14.084+01:00[Europe/London]"><testcase classname="uk.gov.hmcts.reform.divorce.D8MiniPetitionTest" name="Given a json input when generate PDF then should generate expected output"><error message="path cannot be null" type="java.lang.IllegalArgumentException">path cannot be null</error><system-err>path cannot be null
io.restassured.internal.assertion.AssertParameter.notNull(AssertParameter.groovy:26)
io.restassured.internal.RequestSpecificationImpl.applyPathParamsAndSendRequest(RequestSpecificationImpl.groovy:1673)
groovy.lang.MetaMethod.doMethodInvoke(MetaMethod.java:325)
groovy.lang.MetaClassImpl.invokeMethod(MetaClassImpl.java:1213)
groovy.lang.MetaClassImpl.invokeMethod(MetaClassImpl.java:1022)
groovy.lang.MetaClassImpl.invokeMethod(MetaClassImpl.java:810)
io.restassured.internal.RequestSpecificationImpl.invokeMethod(RequestSpecificationImpl.groovy)
io.restassured.internal.RequestSpecificationImpl.applyPathParamsAndSendRequest(RequestSpecificationImpl.groovy:1731)
groovy.lang.MetaMethod.doMethodInvoke(MetaMethod.java:325)
groovy.lang.MetaClassImpl.invokeMethod(MetaClassImpl.java:1213)
groovy.lang.MetaClassImpl.invokeMethod(MetaClassImpl.java:1022)
groovy.lang.MetaClassImpl.invokeMethod(MetaClassImpl.java:810)
io.restassured.internal.RequestSpecificationImpl.invokeMethod(RequestSpecificationImpl.groovy)
io.restassured.internal.RequestSpecificationImpl.post(RequestSpecificationImpl.groovy:172)
net.serenitybdd.rest.decorators.request.RequestSpecificationDecorated.execute(RequestSpecificationDecorated.java:224)
net.serenitybdd.rest.decorators.request.RequestSpecificationDecorated.post(RequestSpecificationDecorated.java:74)
net.serenitybdd.rest.decorators.request.RequestSpecificationDecorated.post(RequestSpecificationDecorated.java:27)
uk.gov.hmcts.reform.divorce.D8MiniPetitionTest.callDivDocumentGenerator(D8MiniPetitionTest.java:115)
uk.gov.hmcts.reform.divorce.D8MiniPetitionTest.givenAJsonInput_whenGeneratePDF_thenShouldGenerateExpectedOutput(D8MiniPetitionTest.java:69)
</system-err></testcase></testsuite>