<?xml version="1.0" encoding="UTF-8"?><testsuite errors="3" failures="0" name="uk.gov.hmcts.reform.divorce.GeneratePDFIntegrationTest" skipped="0" tests="3" time="0.03" timestamp="2018-04-12T17:34:17.754+01:00[Europe/London]"><testcase classname="uk.gov.hmcts.reform.divorce.GeneratePDFIntegrationTest" name="Given all the right parameters when generate PDF then generated PDF should be stored in EM store"><error message="path cannot be null" type="java.lang.IllegalArgumentException">path cannot be null</error><system-err>path cannot be null
io.restassured.internal.assertion.AssertParameter.notNull(AssertParameter.groovy:26)
io.restassured.internal.RequestSpecificationImpl.applyPathParamsAndSendRequest(RequestSpecificationImpl.groovy:1673)
groovy.lang.MetaMethod.doMethodInvoke(MetaMethod.java:325)
groovy.lang.MetaClassImpl.invokeMethod(MetaClassImpl.java:1213)
groovy.lang.MetaClassImpl.invokeMethod(MetaClassImpl.java:1022)
groovy.lang.MetaClassImpl.invokeMethod(MetaClassImpl.java:810)
io.restassured.internal.RequestSpecificationImpl.invokeMethod(RequestSpecificationImpl.groovy)
io.restassured.internal.RequestSpecificationImpl.applyPathParamsAndSendRequest(RequestSpecificationImpl.groovy:1731)
groovy.lang.MetaMethod.doMethodInvoke(MetaMethod.java:325)
groovy.lang.MetaClassImpl.invokeMethod(MetaClassImpl.java:1213)
groovy.lang.MetaClassImpl.invokeMethod(MetaClassImpl.java:1022)
groovy.lang.MetaClassImpl.invokeMethod(MetaClassImpl.java:810)
io.restassured.internal.RequestSpecificationImpl.invokeMethod(RequestSpecificationImpl.groovy)
io.restassured.internal.RequestSpecificationImpl.post(RequestSpecificationImpl.groovy:172)
net.serenitybdd.rest.decorators.request.RequestSpecificationDecorated.execute(RequestSpecificationDecorated.java:224)
net.serenitybdd.rest.decorators.request.RequestSpecificationDecorated.post(RequestSpecificationDecorated.java:74)
net.serenitybdd.rest.decorators.request.RequestSpecificationDecorated.post(RequestSpecificationDecorated.java:27)
uk.gov.hmcts.reform.divorce.GeneratePDFIntegrationTest.callDivDocumentGenerator(GeneratePDFIntegrationTest.java:96)
uk.gov.hmcts.reform.divorce.GeneratePDFIntegrationTest.givenAllTheRightParameters_whenGeneratePDF_thenGeneratedPDFShouldBeStoredInEMStore(GeneratePDFIntegrationTest.java:66)
</system-err></testcase><testcase classname="uk.gov.hmcts.reform.divorce.GeneratePDFIntegrationTest" name="Given required template data not present when generate PDF then expect http status503"><error message="path cannot be null" type="java.lang.IllegalArgumentException">path cannot be null</error><system-err>path cannot be null
io.restassured.internal.assertion.AssertParameter.notNull(AssertParameter.groovy:26)
io.restassured.internal.RequestSpecificationImpl.applyPathParamsAndSendRequest(RequestSpecificationImpl.groovy:1673)
groovy.lang.MetaMethod.doMethodInvoke(MetaMethod.java:325)
groovy.lang.MetaClassImpl.invokeMethod(MetaClassImpl.java:1213)
groovy.lang.MetaClassImpl.invokeMethod(MetaClassImpl.java:1022)
groovy.lang.MetaClassImpl.invokeMethod(MetaClassImpl.java:810)
io.restassured.internal.RequestSpecificationImpl.invokeMethod(RequestSpecificationImpl.groovy)
io.restassured.internal.RequestSpecificationImpl.applyPathParamsAndSendRequest(RequestSpecificationImpl.groovy:1731)
groovy.lang.MetaMethod.doMethodInvoke(MetaMethod.java:325)
groovy.lang.MetaClassImpl.invokeMethod(MetaClassImpl.java:1213)
groovy.lang.MetaClassImpl.invokeMethod(MetaClassImpl.java:1022)
groovy.lang.MetaClassImpl.invokeMethod(MetaClassImpl.java:810)
io.restassured.internal.RequestSpecificationImpl.invokeMethod(RequestSpecificationImpl.groovy)
io.restassured.internal.RequestSpecificationImpl.post(RequestSpecificationImpl.groovy:172)
net.serenitybdd.rest.decorators.request.RequestSpecificationDecorated.execute(RequestSpecificationDecorated.java:224)
net.serenitybdd.rest.decorators.request.RequestSpecificationDecorated.post(RequestSpecificationDecorated.java:74)
net.serenitybdd.rest.decorators.request.RequestSpecificationDecorated.post(RequestSpecificationDecorated.java:27)
uk.gov.hmcts.reform.divorce.GeneratePDFIntegrationTest.callDivDocumentGenerator(GeneratePDFIntegrationTest.java:96)
uk.gov.hmcts.reform.divorce.GeneratePDFIntegrationTest.givenRequiredTemplateDataNotPresent_whenGeneratePDF_thenExpectHttpStatus503(GeneratePDFIntegrationTest.java:87)
</system-err></testcase><testcase classname="uk.gov.hmcts.reform.divorce.GeneratePDFIntegrationTest" name="Given template is not present when generate PDF then expect http status400"><error message="path cannot be null" type="java.lang.IllegalArgumentException">path cannot be null</error><system-err>path cannot be null
io.restassured.internal.assertion.AssertParameter.notNull(AssertParameter.groovy:26)
io.restassured.internal.RequestSpecificationImpl.applyPathParamsAndSendRequest(RequestSpecificationImpl.groovy:1673)
groovy.lang.MetaMethod.doMethodInvoke(MetaMethod.java:325)
groovy.lang.MetaClassImpl.invokeMethod(MetaClassImpl.java:1213)
groovy.lang.MetaClassImpl.invokeMethod(MetaClassImpl.java:1022)
groovy.lang.MetaClassImpl.invokeMethod(MetaClassImpl.java:810)
io.restassured.internal.RequestSpecificationImpl.invokeMethod(RequestSpecificationImpl.groovy)
io.restassured.internal.RequestSpecificationImpl.applyPathParamsAndSendRequest(RequestSpecificationImpl.groovy:1731)
groovy.lang.MetaMethod.doMethodInvoke(MetaMethod.java:325)
groovy.lang.MetaClassImpl.invokeMethod(MetaClassImpl.java:1213)
groovy.lang.MetaClassImpl.invokeMethod(MetaClassImpl.java:1022)
groovy.lang.MetaClassImpl.invokeMethod(MetaClassImpl.java:810)
io.restassured.internal.RequestSpecificationImpl.invokeMethod(RequestSpecificationImpl.groovy)
io.restassured.internal.RequestSpecificationImpl.post(RequestSpecificationImpl.groovy:172)
net.serenitybdd.rest.decorators.request.RequestSpecificationDecorated.execute(RequestSpecificationDecorated.java:224)
net.serenitybdd.rest.decorators.request.RequestSpecificationDecorated.post(RequestSpecificationDecorated.java:74)
net.serenitybdd.rest.decorators.request.RequestSpecificationDecorated.post(RequestSpecificationDecorated.java:27)
uk.gov.hmcts.reform.divorce.GeneratePDFIntegrationTest.callDivDocumentGenerator(GeneratePDFIntegrationTest.java:96)
uk.gov.hmcts.reform.divorce.GeneratePDFIntegrationTest.givenTemplateIsNotPresent_whenGeneratePDF_thenExpectHttpStatus400(GeneratePDFIntegrationTest.java:80)
</system-err></testcase></testsuite>